<?xml version="1.0" encoding="UTF-8"?>
<!-- Generated by org.testng.reporters.JUnitReportReporter -->
<testsuite hostname="sttw" failures="0" tests="1" name="com.learnautomation.testcases.LoginTest" time="5.091" errors="0" timestamp="2023-09-13T19:45:50 IST" skipped="0">
  <testcase classname="com.learnautomation.testcases.LoginTest" name="loginWithValidCredentials" time="5.091"/>
  <system-out/>
</testsuite> <!-- com.learnautomation.testcases.LoginTest -->
